/*C3*/SET SCHEMA PUBLIC
DELETE FROM STUDENT WHERE ID=7
DELETE FROM STUDENT WHERE ID=8
INSERT INTO STUDENT VALUES(7,'gzc2                ','5                   ','ss                  ')
COMMIT
DISCONNECT
/*C4*/SET SCHEMA PUBLIC
DISCONNECT
/*C5*/SET SCHEMA PUBLIC
DISCONNECT
/*C6*/SET SCHEMA PUBLIC
DISCONNECT
/*C7*/SET SCHEMA PUBLIC
INSERT INTO STUDENT VALUES(8,'g                   ','3                   ','22                  ')
COMMIT
/*C8*/SET SCHEMA PUBLIC
INSERT INTO STUDENT VALUES(9,'g                   ','3                   ','22                  ')
COMMIT
INSERT INTO STUDENT VALUES(10,'g                   ','2                   ','3                   ')
COMMIT
DISCONNECT
/*C9*/SET SCHEMA PUBLIC
INSERT INTO STUDENT VALUES(11,'g                   ','x                   ','c                   ')
COMMIT
/*C7*/INSERT INTO STUDENT VALUES(12,'g                   ','x                   ','c                   ')
COMMIT
/*C9*/INSERT INTO STUDENT VALUES(13,'g                   ','x                   ','c                   ')
COMMIT
